Flutter crash report.
Please report a bug at https://github.com/flutter/flutter/issues.

## command

flutter run

## exception

FileSystemException: FileSystemException: writeFrom failed, path = 'C:\Users\Khaled\AppData\Local\Temp\flutter_tools.6d5b16e5\flutter_tools.2fc86018\web_entrypoint.dart' (OS Error: There is not enough space on the disk.
, errno = 112)

```
#0      _RandomAccessFile.writeFromSync (dart:io/file_impl.dart:873:7)
#1      _File.writeAsBytesSync (dart:io/file_impl.dart:606:14)
#2      _File.writeAsStringSync (dart:io/file_impl.dart:628:5)
#3      ForwardingFile.writeAsStringSync (package:file/src/forwarding/forwarding_file.dart:147:16)
#4      ResidentWebRunner._generateEntrypoint (package:flutter_tools/src/isolated/resident_web_runner.dart:486:14)
<asynchronous suspension>
#5      ResidentWebRunner._updateDevFS (package:flutter_tools/src/isolated/resident_web_runner.dart:515:16)
<asynchronous suspension>
#6      ResidentWebRunner.run.<anonymous closure> (package:flutter_tools/src/isolated/resident_web_runner.dart:287:41)
<asynchronous suspension>
#7      asyncGuard.<anonymous closure> (package:flutter_tools/src/base/async_guard.dart:111:24)
<asynchronous suspension>
```

## flutter doctor

```
[✓] Flutter (Channel stable, 2.10.0, on Microsoft Windows [Version 10.0.19043.1526], locale
    en-US)
    • Flutter version 2.10.0 at C:\Users\Khaled\Downloads\flutter
    • Upstream repository https://github.com/flutter/flutter.git
    • Framework revision 5f105a6ca7 (3 weeks ago), 2022-02-01 14:15:42 -0800
    • Engine revision 776efd2034
    • Dart version 2.16.0
    • DevTools version 2.9.2

[!] Android toolchain - develop for Android devices (Android SDK version 32.1.0-rc1)
    • Android SDK at C:\Users\Khaled\AppData\Local\Android\sdk
    ✗ cmdline-tools component is missing
      Run `path/to/sdkmanager --install "cmdline-tools;latest"`
      See https://developer.android.com/studio/command-line for more details.
    ✗ Android license status unknown.
      Run `flutter doctor --android-licenses` to accept the SDK licenses.
      See https://flutter.dev/docs/get-started/install/windows#android-setup for more details.

[✓] Chrome - develop for the web
    • Chrome at C:\Program Files (x86)\Google\Chrome\Application\chrome.exe

[✓] Visual Studio - develop for Windows (Visual Studio Community 2019 16.9.4)
    • Visual Studio at C:\Program Files (x86)\Microsoft Visual Studio\2019\Community
    • Visual Studio Community 2019 version 16.9.31205.134
    • Windows 10 SDK version 10.0.19041.0

[✓] Android Studio (version 2021.1)
    • Android Studio at C:\Program Files\Android\Android Studio
    • Flutter plugin can be installed from:
      🔨 https://plugins.jetbrains.com/plugin/9212-flutter
    • Dart plugin can be installed from:
      🔨 https://plugins.jetbrains.com/plugin/6351-dart
    • Java version OpenJDK Runtime Environment (build 11.0.11+9-b60-7590822)

[✓] VS Code (version 1.64.2)
    • VS Code at C:\Users\Khaled\AppData\Local\Programs\Microsoft VS Code
    • Flutter extension version 3.34.0

[✓] Connected device (3 available)
    • Windows (desktop) • windows • windows-x64    • Microsoft Windows [Version
      10.0.19043.1526]
    • Chrome (web)      • chrome  • web-javascript • Google Chrome 98.0.4758.102
    • Edge (web)        • edge    • web-javascript • Microsoft Edge 98.0.1108.56

[✓] HTTP Host Availability
    • All required HTTP hosts are available

! Doctor found issues in 1 category.
```
